readlink: missing operand
Try 'readlink --help' for more information.
rm: cannot remove ‘output’: No such file or directory
rm: cannot remove ‘bunch_output’: No such file or directory
rm: cannot remove ‘lost’: No such file or directory
rm: cannot remove ‘input’: No such file or directory
rm: cannot remove ‘PS.seq’: No such file or directory
rm: cannot remove ‘ptc_twiss’: No such file or directory
rm: cannot remove ‘tunespread.dat’: No such file or directory
rm: cannot remove ‘madx.ps’: No such file or directory
rm: cannot remove ‘PS_Lattice/tunes.str’: No such file or directory
rm: cannot remove ‘PTC/*~’: No such file or directory
rm: cannot remove ‘Input/*~’: No such file or directory
rm: cannot remove ‘lib/*~’: No such file or directory
rm: cannot remove ‘lib/spacecharge_tunespread/*.pyc’: No such file or directory
rm: cannot remove ‘lib/*.pyc’: No such file or directory
rm: cannot remove ‘*.pyc’: No such file or directory
rm: cannot remove ‘junk.txt’: No such file or directory
rm: cannot remove ‘Negative_node.OUT’: No such file or directory
rm: cannot remove ‘internal_mag_pot.txt’: No such file or directory
rm: cannot remove ‘fort.18’: No such file or directory
rm: cannot remove ‘PTC/*~’: No such file or directory
rm: cannot remove ‘Input/*~’: No such file or directory
rm: cannot remove ‘lib/*~’: No such file or directory
rm: cannot remove ‘lib/spacecharge_tunespread/*.pyc’: No such file or directory
rm: cannot remove ‘lib/*.pyc’: No such file or directory
rm: cannot remove ‘*.pyc’: No such file or directory
rm: cannot remove ‘junk.txt’: No such file or directory
rm: cannot remove ‘Maxwellian_bend_for_ptc.txt’: No such file or directory
rm: cannot remove ‘Negative_node.OUT’: No such file or directory
rm: cannot remove ‘internal_mag_pot.txt’: No such file or directory
rm: cannot remove ‘fort.18’: No such file or directory
rm: cannot remove ‘Condor_Logfiles’: No such file or directory
sh: Flat_file.madx: No such file or directory
[hpc-be006.cern.ch:mpi_rank_13][error_sighandler] Caught error: Segmentation fault (signal 11)
[hpc-be006.cern.ch:mpi_rank_11][error_sighandler] Caught error: Segmentation fault (signal 11)
[hpc-be006.cern.ch:mpi_rank_0][error_sighandler] Caught error: Segmentation fault (signal 11)
[hpc-be008.cern.ch:mpi_rank_25][error_sighandler] Caught error: Segmentation fault (signal 11)
[hpc-be006.cern.ch:mpi_rank_19][error_sighandler] Caught error: Segmentation fault (signal 11)
[hpc-be008.cern.ch:mpi_rank_23][error_sighandler] Caught error: Segmentation fault (signal 11)
[hpc-be006.cern.ch:mpi_rank_5][error_sighandler] Caught error: Segmentation fault (signal 11)
[hpc-be008.cern.ch:mpi_rank_30][error_sighandler] Caught error: Segmentation fault (signal 11)
[hpc-be006.cern.ch:mpi_rank_18][error_sighandler] Caught error: Segmentation fault (signal 11)
[hpc-be006.cern.ch:mpi_rank_14][error_sighandler] Caught error: Segmentation fault (signal 11)
[hpc-be006.cern.ch:mpi_rank_4][error_sighandler] Caught error: Segmentation fault (signal 11)
[hpc-be008.cern.ch:mpi_rank_33][error_sighandler] Caught error: Segmentation fault (signal 11)
[hpc-be008.cern.ch:mpi_rank_27][error_sighandler] Caught error: Segmentation fault (signal 11)
[hpc-be006.cern.ch:mpi_rank_10][error_sighandler] Caught error: Segmentation fault (signal 11)
[hpc-be008.cern.ch:mpi_rank_37][error_sighandler] Caught error: Segmentation fault (signal 11)
[hpc-be006.cern.ch:mpi_rank_9][error_sighandler] Caught error: Segmentation fault (signal 11)
[hpc-be008.cern.ch:mpi_rank_39][error_sighandler] Caught error: Segmentation fault (signal 11)
[hpc-be006.cern.ch:mpi_rank_15][error_sighandler] Caught error: Segmentation fault (signal 11)
[hpc-be008.cern.ch:mpi_rank_21][error_sighandler] Caught error: Segmentation fault (signal 11)
[hpc-be006.cern.ch:mpi_rank_16][error_sighandler] Caught error: Segmentation fault (signal 11)
[hpc-be006.cern.ch:mpi_rank_7][error_sighandler] Caught error: Segmentation fault (signal 11)
[hpc-be008.cern.ch:mpi_rank_34][error_sighandler] Caught error: Segmentation fault (signal 11)
[hpc-be006.cern.ch:mpi_rank_3][error_sighandler] Caught error: Segmentation fault (signal 11)
[hpc-be008.cern.ch:mpi_rank_24][error_sighandler] Caught error: Segmentation fault (signal 11)
[hpc-be006.cern.ch:mpi_rank_12][error_sighandler] Caught error: Segmentation fault (signal 11)
[hpc-be008.cern.ch:mpi_rank_28][error_sighandler] Caught error: Segmentation fault (signal 11)
[hpc-be008.cern.ch:mpi_rank_36][error_sighandler] Caught error: Segmentation fault (signal 11)
[hpc-be008.cern.ch:mpi_rank_22][error_sighandler] Caught error: Segmentation fault (signal 11)
[hpc-be006.cern.ch:mpi_rank_2][error_sighandler] Caught error: Segmentation fault (signal 11)
[hpc-be006.cern.ch:mpi_rank_6][error_sighandler] Caught error: Segmentation fault (signal 11)
[hpc-be008.cern.ch:mpi_rank_26][error_sighandler] Caught error: Segmentation fault (signal 11)
[hpc-be006.cern.ch:mpi_rank_8][error_sighandler] Caught error: Segmentation fault (signal 11)
[hpc-be006.cern.ch:mpi_rank_17][error_sighandler] Caught error: Segmentation fault (signal 11)
[hpc-be006.cern.ch:mpi_rank_1][error_sighandler] Caught error: Segmentation fault (signal 11)
[hpc-be008.cern.ch:mpi_rank_35][error_sighandler] Caught error: Segmentation fault (signal 11)
[hpc-be008.cern.ch:mpi_rank_38][error_sighandler] Caught error: Segmentation fault (signal 11)
[hpc-be008.cern.ch:mpi_rank_29][error_sighandler] Caught error: Segmentation fault (signal 11)
[hpc-be008.cern.ch:mpi_rank_32][error_sighandler] Caught error: Segmentation fault (signal 11)
[hpc-be008.cern.ch:mpi_rank_31][error_sighandler] Caught error: Segmentation fault (signal 11)
[hpc-be008.cern.ch:mpi_rank_20][error_sighandler] Caught error: Segmentation fault (signal 11)
srun: error: hpc-be008: tasks 20-39: Segmentation fault (core dumped)
srun: Terminating job step 462277.0
srun: error: hpc-be006: tasks 0-19: Segmentation fault (core dumped)
