readlink: missing operand
Try 'readlink --help' for more information.
rm: cannot remove ‘output’: No such file or directory
rm: cannot remove ‘bunch_output’: No such file or directory
rm: cannot remove ‘lost’: No such file or directory
rm: cannot remove ‘input’: No such file or directory
rm: cannot remove ‘PS.seq’: No such file or directory
rm: cannot remove ‘ptc_twiss’: No such file or directory
rm: cannot remove ‘tunespread.dat’: No such file or directory
rm: cannot remove ‘madx.ps’: No such file or directory
rm: cannot remove ‘PS_Lattice/tunes.str’: No such file or directory
rm: cannot remove ‘PTC/*~’: No such file or directory
rm: cannot remove ‘Input/*~’: No such file or directory
rm: cannot remove ‘lib/*~’: No such file or directory
rm: cannot remove ‘lib/spacecharge_tunespread/*.pyc’: No such file or directory
rm: cannot remove ‘lib/*.pyc’: No such file or directory
rm: cannot remove ‘*.pyc’: No such file or directory
rm: cannot remove ‘junk.txt’: No such file or directory
rm: cannot remove ‘Negative_node.OUT’: No such file or directory
rm: cannot remove ‘internal_mag_pot.txt’: No such file or directory
rm: cannot remove ‘fort.18’: No such file or directory
rm: cannot remove ‘PTC/*~’: No such file or directory
rm: cannot remove ‘Input/*~’: No such file or directory
rm: cannot remove ‘lib/*~’: No such file or directory
rm: cannot remove ‘lib/spacecharge_tunespread/*.pyc’: No such file or directory
rm: cannot remove ‘lib/*.pyc’: No such file or directory
rm: cannot remove ‘*.pyc’: No such file or directory
rm: cannot remove ‘junk.txt’: No such file or directory
rm: cannot remove ‘Maxwellian_bend_for_ptc.txt’: No such file or directory
rm: cannot remove ‘Negative_node.OUT’: No such file or directory
rm: cannot remove ‘internal_mag_pot.txt’: No such file or directory
rm: cannot remove ‘fort.18’: No such file or directory
rm: cannot remove ‘Condor_Logfiles’: No such file or directory
adding particle phase information attribute
adding particle phase information attribute
adding particle phase information attribute
adding particle phase information attribute
adding particle phase information attribute
adding particle phase information attribute
adding particle phase information attribute
adding particle phase information attribute
adding particle phase information attribute
adding particle phase information attribute
adding particle phase information attribute
adding particle phase information attribute
adding particle phase information attribute
adding particle phase information attribute
adding particle phase information attribute
adding particle phase information attribute
adding particle phase information attribute
adding particle phase information attribute
adding particle phase information attribute
adding particle phase information attribute
adding particle phase information attribute
adding particle phase information attribute
adding particle phase information attribute
adding particle phase information attribute
adding particle phase information attribute
adding particle phase information attribute
adding particle phase information attribute
adding particle phase information attribute
adding particle phase information attribute
adding particle phase information attribute
adding particle phase information attribute
adding particle phase information attribute
adding particle phase information attribute
adding particle phase information attribute
adding particle phase information attribute
adding particle phase information attribute
adding particle phase information attribute
adding particle phase information attribute
adding particle phase information attribute
adding particle phase information attribute
